#! /usr/bin/vvp
:ivl_version "10.1 (stable)";
:ivl_delay_selection "TYPICAL";
:vpi_time_precision + 0;
:vpi_module "system";
:vpi_module "vhdl_sys";
:vpi_module "v2005_math";
:vpi_module "va_math";
S_0x56301bafe650 .scope module, "tcomputer" "tcomputer" 2 1;
 .timescale 0 0;
v0x56301bb2ccb0_0 .var "clk", 0 0;
v0x56301bb2cd50_0 .var "rstd", 0 0;
S_0x56301baf45d0 .scope module, "computer_body" "computer" 2 19, 3 187 0, S_0x56301bafe650;
 .timescale 0 0;
    .port_info 0 /INPUT 1 "clk"
    .port_info 1 /INPUT 1 "rstd"
v0x56301bb2c2c0_0 .net "clk", 0 0, v0x56301bb2ccb0_0;  1 drivers
v0x56301bb2c380_0 .net "ins", 31 0, L_0x56301bb2cff0;  1 drivers
v0x56301bb2c490_0 .net "nextpc", 31 0, L_0x56301bb40f30;  1 drivers
v0x56301bb2c580_0 .net "pc", 31 0, v0x56301bb2c0a0_0;  1 drivers
v0x56301bb2c690_0 .net "reg1", 31 0, L_0x56301bb40b60;  1 drivers
v0x56301bb2c7f0_0 .net "reg2", 31 0, L_0x56301bb41590;  1 drivers
v0x56301bb2c900_0 .net "result", 31 0, L_0x56301bb30650;  1 drivers
v0x56301bb2ca10_0 .net "rstd", 0 0, v0x56301bb2cd50_0;  1 drivers
v0x56301bb2cb00_0 .net "wra", 4 0, L_0x56301bb304c0;  1 drivers
L_0x56301bb2d0b0 .part v0x56301bb2c0a0_0, 0, 8;
L_0x56301bb41650 .part L_0x56301bb2cff0, 21, 5;
L_0x56301bb41740 .part L_0x56301bb2cff0, 16, 5;
L_0x56301bb41830 .reduce/nor L_0x56301bb304c0;
S_0x56301baf30a0 .scope module, "execute_body" "execute" 3 199, 3 25 0, S_0x56301baf45d0;
 .timescale 0 0;
    .port_info 0 /INPUT 1 "clk"
    .port_info 1 /INPUT 32 "ins"
    .port_info 2 /INPUT 32 "pc"
    .port_info 3 /INPUT 32 "reg1"
    .port_info 4 /INPUT 32 "reg2"
    .port_info 5 /OUTPUT 5 "wra"
    .port_info 6 /OUTPUT 32 "result"
    .port_info 7 /OUTPUT 32 "nextpc"
L_0x56301bb2dc40 .functor OR 1, L_0x56301bb2d9c0, L_0x56301bb2db50, C4<0>, C4<0>;
v0x56301bb27f10_0 .net *"_s11", 15 0, L_0x56301bb2d7f0;  1 drivers
L_0x7fb5e8525060 .functor BUFT 1, C4<000000>, C4<0>, C4<0>, C4<0>;
v0x56301bb28010_0 .net/2u *"_s14", 5 0, L_0x7fb5e8525060;  1 drivers
v0x56301bb280f0_0 .net *"_s16", 0 0, L_0x56301bb2d9c0;  1 drivers
L_0x7fb5e85250a8 .functor BUFT 1, C4<100100>, C4<0>, C4<0>, C4<0>;
v0x56301bb28190_0 .net/2u *"_s18", 5 0, L_0x7fb5e85250a8;  1 drivers
v0x56301bb28270_0 .net *"_s20", 0 0, L_0x56301bb2db50;  1 drivers
v0x56301bb28380_0 .net *"_s22", 0 0, L_0x56301bb2dc40;  1 drivers
v0x56301bb28440_0 .net *"_s27", 4 0, L_0x56301bb2dea0;  1 drivers
v0x56301bb28520_0 .net *"_s30", 31 0, L_0x56301bb2e140;  1 drivers
v0x56301bb28600_0 .net *"_s34", 29 0, L_0x56301bb2e250;  1 drivers
L_0x7fb5e85250f0 .functor BUFT 1, C4<00>, C4<0>, C4<0>, C4<0>;
v0x56301bb28770_0 .net *"_s36", 1 0, L_0x7fb5e85250f0;  1 drivers
v0x56301bb28850_0 .net *"_s7", 0 0, L_0x56301bb2d380;  1 drivers
v0x56301bb28930_0 .net *"_s74", 4 0, L_0x56301bb300d0;  1 drivers
v0x56301bb28a10_0 .net *"_s76", 4 0, L_0x56301bb30270;  1 drivers
v0x56301bb28af0_0 .net *"_s78", 4 0, L_0x56301bb30310;  1 drivers
v0x56301bb28bd0_0 .net *"_s8", 15 0, L_0x56301bb2d420;  1 drivers
L_0x7fb5e8525258 .functor BUFT 1, C4<00000000000000000000000000000001>, C4<0>, C4<0>, C4<0>;
v0x56301bb28cb0_0 .net/2u *"_s85", 31 0, L_0x7fb5e8525258;  1 drivers
v0x56301bb28d90_0 .net *"_s91", 31 0, L_0x56301bb40d00;  1 drivers
L_0x7fb5e85252a0 .functor BUFT 1, C4<000000>, C4<0>, C4<0>, C4<0>;
v0x56301bb28e70_0 .net *"_s94", 5 0, L_0x7fb5e85252a0;  1 drivers
v0x56301bb28f50_0 .net "addr", 25 0, L_0x56301bb30980;  1 drivers
v0x56301bb29030_0 .net "alu_result", 31 0, L_0x56301bb2df40;  1 drivers
v0x56301bb29110_0 .net "branch", 31 0, L_0x56301bb30860;  1 drivers
v0x56301bb291f0_0 .net "clk", 0 0, v0x56301bb2ccb0_0;  alias, 1 drivers
v0x56301bb29290_0 .net "dm_r_data", 31 0, L_0x56301bb2fe90;  1 drivers
v0x56301bb29370_0 .net "dpl_imm", 31 0, L_0x56301bb2d8d0;  1 drivers
v0x56301bb29450_0 .net "ins", 31 0, L_0x56301bb2cff0;  alias, 1 drivers
v0x56301bb29530_0 .net "mem_address", 31 0, L_0x56301bb2e370;  1 drivers
v0x56301bb29610_0 .net "nextpc", 31 0, L_0x56301bb40f30;  alias, 1 drivers
v0x56301bb296f0_0 .net "nonbranch", 31 0, L_0x56301bb40ac0;  1 drivers
v0x56301bb297d0_0 .net "op", 5 0, L_0x56301bb2d1a0;  1 drivers
v0x56301bb298b0_0 .net "operand2", 31 0, L_0x56301bb2dd50;  1 drivers
v0x56301bb29990_0 .net "operation", 4 0, L_0x56301bb2d2e0;  1 drivers
v0x56301bb29a70_0 .net "pc", 31 0, v0x56301bb2c0a0_0;  alias, 1 drivers
v0x56301bb29b50_0 .net "reg1", 31 0, L_0x56301bb40b60;  alias, 1 drivers
v0x56301bb29e40_0 .net "reg2", 31 0, L_0x56301bb41590;  alias, 1 drivers
v0x56301bb29f20_0 .net "result", 31 0, L_0x56301bb30650;  alias, 1 drivers
v0x56301bb2a000_0 .net "shift", 4 0, L_0x56301bb2d240;  1 drivers
v0x56301bb2a0e0_0 .net "wra", 4 0, L_0x56301bb304c0;  alias, 1 drivers
v0x56301bb2a1c0_0 .net "wren", 3 0, L_0x56301bb2e4b0;  1 drivers
L_0x56301bb2d1a0 .part L_0x56301bb2cff0, 26, 6;
L_0x56301bb2d240 .part L_0x56301bb2cff0, 6, 5;
L_0x56301bb2d2e0 .part L_0x56301bb2cff0, 0, 5;
L_0x56301bb2d380 .part L_0x56301bb2cff0, 15, 1;
LS_0x56301bb2d420_0_0 .concat [ 1 1 1 1], L_0x56301bb2d380, L_0x56301bb2d380, L_0x56301bb2d380, L_0x56301bb2d380;
LS_0x56301bb2d420_0_4 .concat [ 1 1 1 1], L_0x56301bb2d380, L_0x56301bb2d380, L_0x56301bb2d380, L_0x56301bb2d380;
LS_0x56301bb2d420_0_8 .concat [ 1 1 1 1], L_0x56301bb2d380, L_0x56301bb2d380, L_0x56301bb2d380, L_0x56301bb2d380;
LS_0x56301bb2d420_0_12 .concat [ 1 1 1 1], L_0x56301bb2d380, L_0x56301bb2d380, L_0x56301bb2d380, L_0x56301bb2d380;
L_0x56301bb2d420 .concat [ 4 4 4 4], LS_0x56301bb2d420_0_0, LS_0x56301bb2d420_0_4, LS_0x56301bb2d420_0_8, LS_0x56301bb2d420_0_12;
L_0x56301bb2d7f0 .part L_0x56301bb2cff0, 0, 16;
L_0x56301bb2d8d0 .concat [ 16 16 0 0], L_0x56301bb2d7f0, L_0x56301bb2d420;
L_0x56301bb2d9c0 .cmp/eq 6, L_0x56301bb2d1a0, L_0x7fb5e8525060;
L_0x56301bb2db50 .cmp/eq 6, L_0x56301bb2d1a0, L_0x7fb5e85250a8;
L_0x56301bb2dd50 .functor MUXZ 32, L_0x56301bb2d8d0, L_0x56301bb41590, L_0x56301bb2dc40, C4<>;
L_0x56301bb2dea0 .ufunc TD_tcomputer.computer_body.execute_body.opr_gen, 5, L_0x56301bb2d1a0, L_0x56301bb2d2e0 (v0x56301bb271d0_0, v0x56301bb272d0_0) v0x56301bb273b0_0 S_0x56301bb27000;
L_0x56301bb2df40 .ufunc TD_tcomputer.computer_body.execute_body.alu, 32, L_0x56301bb2dea0, L_0x56301bb2d240, L_0x56301bb40b60, L_0x56301bb2dd50 (v0x56301bafa140_0, v0x56301baf7f20_0, v0x56301bb00ce0_0, v0x56301bafc360_0) v0x56301bb00c40_0 S_0x56301baff050;
L_0x56301bb2e140 .arith/sum 32, L_0x56301bb40b60, L_0x56301bb2d8d0;
L_0x56301bb2e250 .part L_0x56301bb2e140, 2, 30;
L_0x56301bb2e370 .concat [ 30 2 0 0], L_0x56301bb2e250, L_0x7fb5e85250f0;
L_0x56301bb2e4b0 .ufunc TD_tcomputer.computer_body.execute_body.wrengen, 4, L_0x56301bb2d1a0 (v0x56301bb27d30_0) v0x56301bb27e30_0 S_0x56301bb27b60;
L_0x56301bb2e860 .part L_0x56301bb2e370, 0, 8;
L_0x56301bb2e9a0 .part L_0x56301bb41590, 0, 8;
L_0x56301bb2eb70 .part L_0x56301bb2e4b0, 0, 1;
L_0x56301bb2ee40 .part L_0x56301bb2e370, 0, 8;
L_0x56301bb2ead0 .part L_0x56301bb41590, 8, 8;
L_0x56301bb2efe0 .part L_0x56301bb2e4b0, 1, 1;
L_0x56301bb2f470 .part L_0x56301bb2e370, 0, 8;
L_0x56301bb2f560 .part L_0x56301bb41590, 16, 8;
L_0x56301bb2f6d0 .part L_0x56301bb2e4b0, 2, 1;
L_0x56301bb2fa90 .part L_0x56301bb2e370, 0, 8;
L_0x56301bb2fc60 .part L_0x56301bb41590, 24, 8;
L_0x56301bb2fd00 .part L_0x56301bb2e4b0, 3, 1;
L_0x56301bb2fe90 .concat8 [ 8 8 8 8], L_0x56301bb2e0d0, L_0x56301bb2e1e0, L_0x56301bb2f3b0, L_0x56301bb2f9d0;
L_0x56301bb300d0 .part L_0x56301bb2cff0, 21, 5;
L_0x56301bb30270 .part L_0x56301bb2cff0, 16, 5;
L_0x56301bb30310 .part L_0x56301bb2cff0, 11, 5;
L_0x56301bb304c0 .ufunc TD_tcomputer.computer_body.execute_body.wreg, 5, L_0x56301bb2d1a0, L_0x56301bb300d0, L_0x56301bb30270, L_0x56301bb30310 (v0x56301bb276d0_0, v0x56301bb278b0_0, v0x56301bb279a0_0, v0x56301bb277d0_0) v0x56301bb27a80_0 S_0x56301bb27470;
L_0x56301bb30650 .ufunc TD_tcomputer.computer_body.execute_body.calc, 32, L_0x56301bb2d1a0, L_0x56301bb2df40, L_0x56301bb2d8d0, L_0x56301bb2fe90, v0x56301bb2c0a0_0 (v0x56301bb23b90_0, v0x56301bb23830_0, v0x56301bb23ab0_0, v0x56301bb239f0_0, v0x56301bb23cc0_0) v0x56301bb23910_0 S_0x56301bb23690;
L_0x56301bb30980 .part L_0x56301bb2cff0, 0, 26;
L_0x56301bb40ac0 .arith/sum 32, v0x56301bb2c0a0_0, L_0x7fb5e8525258;
L_0x56301bb30860 .arith/sum 32, L_0x56301bb40ac0, L_0x56301bb2d8d0;
L_0x56301bb40d00 .concat [ 26 6 0 0], L_0x56301bb30980, L_0x7fb5e85252a0;
L_0x56301bb40f30 .ufunc TD_tcomputer.computer_body.execute_body.npc, 32, L_0x56301bb2d1a0, L_0x56301bb40b60, L_0x56301bb41590, L_0x56301bb30860, L_0x56301bb40ac0, L_0x56301bb40d00 (v0x56301bb26d10_0, v0x56301bb26e40_0, v0x56301bb26f20_0, v0x56301bb26a90_0, v0x56301bb26b70_0, v0x56301bb26990_0) v0x56301bb26c30_0 S_0x56301bb26810;
S_0x56301baff050 .scope function, "alu" "alu" 3 58, 3 58 0, S_0x56301baf30a0;
 .timescale 0 0;
v0x56301bb00c40_0 .var "alu", 31 0;
v0x56301bb00ce0_0 .var "operand1", 31 0;
v0x56301bafc360_0 .var "operand2", 31 0;
v0x56301bafa140_0 .var "opr", 4 0;
v0x56301baf7f20_0 .var "shift", 4 0;
TD_tcomputer.computer_body.execute_body.alu ;
    %load/vec4 v0x56301bafa140_0;
    %dup/vec4;
    %pushi/vec4 0, 0, 5;
    %cmp/u;
    %jmp/1 T_0.0, 6;
    %dup/vec4;
    %pushi/vec4 2, 0, 5;
    %cmp/u;
    %jmp/1 T_0.1, 6;
    %dup/vec4;
    %pushi/vec4 8, 0, 5;
    %cmp/u;
    %jmp/1 T_0.2, 6;
    %dup/vec4;
    %pushi/vec4 9, 0, 5;
    %cmp/u;
    %jmp/1 T_0.3, 6;
    %dup/vec4;
    %pushi/vec4 10, 0, 5;
    %cmp/u;
    %jmp/1 T_0.4, 6;
    %dup/vec4;
    %pushi/vec4 11, 0, 5;
    %cmp/u;
    %jmp/1 T_0.5, 6;
    %dup/vec4;
    %pushi/vec4 16, 0, 5;
    %cmp/u;
    %jmp/1 T_0.6, 6;
    %dup/vec4;
    %pushi/vec4 17, 0, 5;
    %cmp/u;
    %jmp/1 T_0.7, 6;
    %dup/vec4;
    %pushi/vec4 18, 0, 5;
    %cmp/u;
    %jmp/1 T_0.8, 6;
    %pushi/vec4 4294967295, 0, 32;
    %store/vec4 v0x56301bb00c40_0, 0, 32;
    %jmp T_0.10;
T_0.0 ;
    %load/vec4 v0x56301bb00ce0_0;
    %load/vec4 v0x56301bafc360_0;
    %add;
    %store/vec4 v0x56301bb00c40_0, 0, 32;
    %jmp T_0.10;
T_0.1 ;
    %load/vec4 v0x56301bb00ce0_0;
    %load/vec4 v0x56301bafc360_0;
    %sub;
    %store/vec4 v0x56301bb00c40_0, 0, 32;
    %jmp T_0.10;
T_0.2 ;
    %load/vec4 v0x56301bb00ce0_0;
    %load/vec4 v0x56301bafc360_0;
    %and;
    %store/vec4 v0x56301bb00c40_0, 0, 32;
    %jmp T_0.10;
T_0.3 ;
    %load/vec4 v0x56301bb00ce0_0;
    %load/vec4 v0x56301bafc360_0;
    %or;
    %store/vec4 v0x56301bb00c40_0, 0, 32;
    %jmp T_0.10;
T_0.4 ;
    %load/vec4 v0x56301bb00ce0_0;
    %load/vec4 v0x56301bafc360_0;
    %xor;
    %store/vec4 v0x56301bb00c40_0, 0, 32;
    %jmp T_0.10;
T_0.5 ;
    %load/vec4 v0x56301bb00ce0_0;
    %load/vec4 v0x56301bafc360_0;
    %and;
    %inv;
    %store/vec4 v0x56301bb00c40_0, 0, 32;
    %jmp T_0.10;
T_0.6 ;
    %load/vec4 v0x56301bb00ce0_0;
    %ix/getv 4, v0x56301baf7f20_0;
    %shiftl 4;
    %store/vec4 v0x56301bb00c40_0, 0, 32;
    %jmp T_0.10;
T_0.7 ;
    %load/vec4 v0x56301bb00ce0_0;
    %ix/getv 4, v0x56301baf7f20_0;
    %shiftr 4;
    %store/vec4 v0x56301bb00c40_0, 0, 32;
    %jmp T_0.10;
T_0.8 ;
    %load/vec4 v0x56301bb00ce0_0;
    %ix/getv 4, v0x56301baf7f20_0;
    %shiftr 4;
    %store/vec4 v0x56301bb00c40_0, 0, 32;
    %jmp T_0.10;
T_0.10 ;
    %pop/vec4 1;
    %end;
S_0x56301bb23690 .scope function, "calc" "calc" 3 76, 3 76 0, S_0x56301baf30a0;
 .timescale 0 0;
v0x56301bb23830_0 .var "alu_result", 31 0;
v0x56301bb23910_0 .var "calc", 31 0;
v0x56301bb239f0_0 .var "dm_r_data", 31 0;
v0x56301bb23ab0_0 .var "dpl_imm", 31 0;
v0x56301bb23b90_0 .var "op", 5 0;
v0x56301bb23cc0_0 .var "pc", 31 0;
TD_tcomputer.computer_body.execute_body.calc ;
    %load/vec4 v0x56301bb23b90_0;
    %dup/vec4;
    %pushi/vec4 0, 0, 6;
    %cmp/u;
    %jmp/1 T_1.11, 6;
    %dup/vec4;
    %pushi/vec4 1, 0, 6;
    %cmp/u;
    %jmp/1 T_1.12, 6;
    %dup/vec4;
    %pushi/vec4 4, 0, 6;
    %cmp/u;
    %jmp/1 T_1.13, 6;
    %dup/vec4;
    %pushi/vec4 5, 0, 6;
    %cmp/u;
    %jmp/1 T_1.14, 6;
    %dup/vec4;
    %pushi/vec4 6, 0, 6;
    %cmp/u;
    %jmp/1 T_1.15, 6;
    %dup/vec4;
    %pushi/vec4 36, 0, 6;
    %cmp/u;
    %jmp/1 T_1.16, 6;
    %dup/vec4;
    %pushi/vec4 3, 0, 6;
    %cmp/u;
    %jmp/1 T_1.17, 6;
    %dup/vec4;
    %pushi/vec4 16, 0, 6;
    %cmp/u;
    %jmp/1 T_1.18, 6;
    %dup/vec4;
    %pushi/vec4 18, 0, 6;
    %cmp/u;
    %jmp/1 T_1.19, 6;
    %dup/vec4;
    %pushi/vec4 20, 0, 6;
    %cmp/u;
    %jmp/1 T_1.20, 6;
    %dup/vec4;
    %pushi/vec4 41, 0, 6;
    %cmp/u;
    %jmp/1 T_1.21, 6;
    %pushi/vec4 4294967295, 0, 32;
    %store/vec4 v0x56301bb23910_0, 0, 32;
    %jmp T_1.23;
T_1.11 ;
    %load/vec4 v0x56301bb23830_0;
    %store/vec4 v0x56301bb23910_0, 0, 32;
    %jmp T_1.23;
T_1.12 ;
    %load/vec4 v0x56301bb23830_0;
    %store/vec4 v0x56301bb23910_0, 0, 32;
    %jmp T_1.23;
T_1.13 ;
    %load/vec4 v0x56301bb23830_0;
    %store/vec4 v0x56301bb23910_0, 0, 32;
    %jmp T_1.23;
T_1.14 ;
    %load/vec4 v0x56301bb23830_0;
    %store/vec4 v0x56301bb23910_0, 0, 32;
    %jmp T_1.23;
T_1.15 ;
    %load/vec4 v0x56301bb23830_0;
    %store/vec4 v0x56301bb23910_0, 0, 32;
    %jmp T_1.23;
T_1.16 ;
    %load/vec4 v0x56301bb23830_0;
    %store/vec4 v0x56301bb23910_0, 0, 32;
    %jmp T_1.23;
T_1.17 ;
    %load/vec4 v0x56301bb23ab0_0;
    %ix/load 4, 16, 0;
    %flag_set/imm 4, 0;
    %shiftl 4;
    %store/vec4 v0x56301bb23910_0, 0, 32;
    %jmp T_1.23;
T_1.18 ;
    %load/vec4 v0x56301bb239f0_0;
    %store/vec4 v0x56301bb23910_0, 0, 32;
    %jmp T_1.23;
T_1.19 ;
    %load/vec4 v0x56301bb239f0_0;
    %parti/s 1, 15, 5;
    %replicate 16;
    %load/vec4 v0x56301bb239f0_0;
    %parti/s 16, 0, 2;
    %concat/vec4; draw_concat_vec4
    %store/vec4 v0x56301bb23910_0, 0, 32;
    %jmp T_1.23;
T_1.20 ;
    %load/vec4 v0x56301bb239f0_0;
    %parti/s 1, 7, 4;
    %replicate 24;
    %load/vec4 v0x56301bb239f0_0;
    %parti/s 8, 0, 2;
    %concat/vec4; draw_concat_vec4
    %store/vec4 v0x56301bb23910_0, 0, 32;
    %jmp T_1.23;
T_1.21 ;
    %load/vec4 v0x56301bb23cc0_0;
    %addi 1, 0, 32;
    %store/vec4 v0x56301bb23910_0, 0, 32;
    %jmp T_1.23;
T_1.23 ;
    %pop/vec4 1;
    %end;
S_0x56301bb23da0 .scope module, "data_mem_body0" "data_mem" 3 140, 3 12 0, S_0x56301baf30a0;
 .timescale 0 0;
    .port_info 0 /INPUT 8 "address"
    .port_info 1 /INPUT 1 "clk"
    .port_info 2 /INPUT 8 "write_data"
    .port_info 3 /INPUT 1 "wren"
    .port_info 4 /OUTPUT 8 "read_data"
L_0x56301bb2e0d0 .functor BUFZ 8, L_0x56301bb2e5e0, C4<00000000>, C4<00000000>, C4<00000000>;
v0x56301bb23f90_0 .net *"_s0", 7 0, L_0x56301bb2e5e0;  1 drivers
v0x56301bb24090_0 .net *"_s2", 9 0, L_0x56301bb2e680;  1 drivers
L_0x7fb5e8525138 .functor BUFT 1, C4<00>, C4<0>, C4<0>, C4<0>;
v0x56301bb24170_0 .net *"_s5", 1 0, L_0x7fb5e8525138;  1 drivers
v0x56301bb24230_0 .net "address", 7 0, L_0x56301bb2e860;  1 drivers
v0x56301bb24310_0 .net "clk", 0 0, v0x56301bb2ccb0_0;  alias, 1 drivers
v0x56301bb24420 .array "d_mem", 255 0, 7 0;
v0x56301bb244e0_0 .net "read_data", 7 0, L_0x56301bb2e0d0;  1 drivers
v0x56301bb245c0_0 .net "wren", 0 0, L_0x56301bb2eb70;  1 drivers
v0x56301bb24680_0 .net "write_data", 7 0, L_0x56301bb2e9a0;  1 drivers
E_0x56301bad2fa0 .event posedge, v0x56301bb24310_0;
L_0x56301bb2e5e0 .array/port v0x56301bb24420, L_0x56301bb2e680;
L_0x56301bb2e680 .concat [ 8 2 0 0], L_0x56301bb2e860, L_0x7fb5e8525138;
S_0x56301bb24800 .scope module, "data_mem_body1" "data_mem" 3 141, 3 12 0, S_0x56301baf30a0;
 .timescale 0 0;
    .port_info 0 /INPUT 8 "address"
    .port_info 1 /INPUT 1 "clk"
    .port_info 2 /INPUT 8 "write_data"
    .port_info 3 /INPUT 1 "wren"
    .port_info 4 /OUTPUT 8 "read_data"
L_0x56301bb2e1e0 .functor BUFZ 8, L_0x56301bb2ec10, C4<00000000>, C4<00000000>, C4<00000000>;
v0x56301bb24980_0 .net *"_s0", 7 0, L_0x56301bb2ec10;  1 drivers
v0x56301bb24a80_0 .net *"_s2", 9 0, L_0x56301bb2ecb0;  1 drivers
L_0x7fb5e8525180 .functor BUFT 1, C4<00>, C4<0>, C4<0>, C4<0>;
v0x56301bb24b60_0 .net *"_s5", 1 0, L_0x7fb5e8525180;  1 drivers
v0x56301bb24c20_0 .net "address", 7 0, L_0x56301bb2ee40;  1 drivers
v0x56301bb24d00_0 .net "clk", 0 0, v0x56301bb2ccb0_0;  alias, 1 drivers
v0x56301bb24df0 .array "d_mem", 255 0, 7 0;
v0x56301bb24e90_0 .net "read_data", 7 0, L_0x56301bb2e1e0;  1 drivers
v0x56301bb24f70_0 .net "wren", 0 0, L_0x56301bb2efe0;  1 drivers
v0x56301bb25030_0 .net "write_data", 7 0, L_0x56301bb2ead0;  1 drivers
L_0x56301bb2ec10 .array/port v0x56301bb24df0, L_0x56301bb2ecb0;
L_0x56301bb2ecb0 .concat [ 8 2 0 0], L_0x56301bb2ee40, L_0x7fb5e8525180;
S_0x56301bb251b0 .scope module, "data_mem_body2" "data_mem" 3 142, 3 12 0, S_0x56301baf30a0;
 .timescale 0 0;
    .port_info 0 /INPUT 8 "address"
    .port_info 1 /INPUT 1 "clk"
    .port_info 2 /INPUT 8 "write_data"
    .port_info 3 /INPUT 1 "wren"
    .port_info 4 /OUTPUT 8 "read_data"
L_0x56301bb2f3b0 .functor BUFZ 8, L_0x56301bb2f140, C4<00000000>, C4<00000000>, C4<00000000>;
v0x56301bb25400_0 .net *"_s0", 7 0, L_0x56301bb2f140;  1 drivers
v0x56301bb25500_0 .net *"_s2", 9 0, L_0x56301bb2f240;  1 drivers
L_0x7fb5e85251c8 .functor BUFT 1, C4<00>, C4<0>, C4<0>, C4<0>;
v0x56301bb255e0_0 .net *"_s5", 1 0, L_0x7fb5e85251c8;  1 drivers
v0x56301bb256a0_0 .net "address", 7 0, L_0x56301bb2f470;  1 drivers
v0x56301bb25780_0 .net "clk", 0 0, v0x56301bb2ccb0_0;  alias, 1 drivers
v0x56301bb258c0 .array "d_mem", 255 0, 7 0;
v0x56301bb25980_0 .net "read_data", 7 0, L_0x56301bb2f3b0;  1 drivers
v0x56301bb25a60_0 .net "wren", 0 0, L_0x56301bb2f6d0;  1 drivers
v0x56301bb25b20_0 .net "write_data", 7 0, L_0x56301bb2f560;  1 drivers
L_0x56301bb2f140 .array/port v0x56301bb258c0, L_0x56301bb2f240;
L_0x56301bb2f240 .concat [ 8 2 0 0], L_0x56301bb2f470, L_0x7fb5e85251c8;
S_0x56301bb25d30 .scope module, "data_mem_body3" "data_mem" 3 143, 3 12 0, S_0x56301baf30a0;
 .timescale 0 0;
    .port_info 0 /INPUT 8 "address"
    .port_info 1 /INPUT 1 "clk"
    .port_info 2 /INPUT 8 "write_data"
    .port_info 3 /INPUT 1 "wren"
    .port_info 4 /OUTPUT 8 "read_data"
L_0x56301bb2f9d0 .functor BUFZ 8, L_0x56301bb2f800, C4<00000000>, C4<00000000>, C4<00000000>;
v0x56301bb25f30_0 .net *"_s0", 7 0, L_0x56301bb2f800;  1 drivers
v0x56301bb26030_0 .net *"_s2", 9 0, L_0x56301bb2f900;  1 drivers
L_0x7fb5e8525210 .functor BUFT 1, C4<00>, C4<0>, C4<0>, C4<0>;
v0x56301bb26110_0 .net *"_s5", 1 0, L_0x7fb5e8525210;  1 drivers
v0x56301bb261d0_0 .net "address", 7 0, L_0x56301bb2fa90;  1 drivers
v0x56301bb262b0_0 .net "clk", 0 0, v0x56301bb2ccb0_0;  alias, 1 drivers
v0x56301bb263a0 .array "d_mem", 255 0, 7 0;
v0x56301bb26460_0 .net "read_data", 7 0, L_0x56301bb2f9d0;  1 drivers
v0x56301bb26540_0 .net "wren", 0 0, L_0x56301bb2fd00;  1 drivers
v0x56301bb26600_0 .net "write_data", 7 0, L_0x56301bb2fc60;  1 drivers
L_0x56301bb2f800 .array/port v0x56301bb263a0, L_0x56301bb2f900;
L_0x56301bb2f900 .concat [ 8 2 0 0], L_0x56301bb2fa90, L_0x7fb5e8525210;
S_0x56301bb26810 .scope function, "npc" "npc" 3 91, 3 91 0, S_0x56301baf30a0;
 .timescale 0 0;
v0x56301bb26990_0 .var "addr", 31 0;
v0x56301bb26a90_0 .var "branch", 31 0;
v0x56301bb26b70_0 .var "nonbranch", 31 0;
v0x56301bb26c30_0 .var "npc", 31 0;
v0x56301bb26d10_0 .var "op", 5 0;
v0x56301bb26e40_0 .var "reg1", 31 0;
v0x56301bb26f20_0 .var "reg2", 31 0;
TD_tcomputer.computer_body.execute_body.npc ;
    %load/vec4 v0x56301bb26d10_0;
    %dup/vec4;
    %pushi/vec4 32, 0, 6;
    %cmp/u;
    %jmp/1 T_2.24, 6;
    %dup/vec4;
    %pushi/vec4 33, 0, 6;
    %cmp/u;
    %jmp/1 T_2.25, 6;
    %dup/vec4;
    %pushi/vec4 34, 0, 6;
    %cmp/u;
    %jmp/1 T_2.26, 6;
    %dup/vec4;
    %pushi/vec4 35, 0, 6;
    %cmp/u;
    %jmp/1 T_2.27, 6;
    %dup/vec4;
    %pushi/vec4 36, 0, 6;
    %cmp/u;
    %jmp/1 T_2.28, 6;
    %dup/vec4;
    %pushi/vec4 40, 0, 6;
    %cmp/u;
    %jmp/1 T_2.29, 6;
    %dup/vec4;
    %pushi/vec4 41, 0, 6;
    %cmp/u;
    %jmp/1 T_2.30, 6;
    %dup/vec4;
    %pushi/vec4 42, 0, 6;
    %cmp/u;
    %jmp/1 T_2.31, 6;
    %load/vec4 v0x56301bb26b70_0;
    %store/vec4 v0x56301bb26c30_0, 0, 32;
    %jmp T_2.33;
T_2.24 ;
    %load/vec4 v0x56301bb26e40_0;
    %load/vec4 v0x56301bb26f20_0;
    %cmp/e;
    %flag_mov 8, 4;
    %jmp/0 T_2.34, 8;
    %load/vec4 v0x56301bb26a90_0;
    %jmp/1 T_2.35, 8;
T_2.34 ; End of true expr.
    %load/vec4 v0x56301bb26b70_0;
    %jmp/0 T_2.35, 8;
 ; End of false expr.
    %blend;
T_2.35;
    %store/vec4 v0x56301bb26c30_0, 0, 32;
    %jmp T_2.33;
T_2.25 ;
    %load/vec4 v0x56301bb26e40_0;
    %load/vec4 v0x56301bb26f20_0;
    %cmp/ne;
    %flag_mov 8, 4;
    %jmp/0 T_2.36, 8;
    %load/vec4 v0x56301bb26a90_0;
    %jmp/1 T_2.37, 8;
T_2.36 ; End of true expr.
    %load/vec4 v0x56301bb26b70_0;
    %jmp/0 T_2.37, 8;
 ; End of false expr.
    %blend;
T_2.37;
    %store/vec4 v0x56301bb26c30_0, 0, 32;
    %jmp T_2.33;
T_2.26 ;
    %load/vec4 v0x56301bb26e40_0;
    %load/vec4 v0x56301bb26f20_0;
    %cmp/u;
    %flag_mov 8, 5;
    %jmp/0 T_2.38, 8;
    %load/vec4 v0x56301bb26a90_0;
    %jmp/1 T_2.39, 8;
T_2.38 ; End of true expr.
    %load/vec4 v0x56301bb26b70_0;
    %jmp/0 T_2.39, 8;
 ; End of false expr.
    %blend;
T_2.39;
    %store/vec4 v0x56301bb26c30_0, 0, 32;
    %jmp T_2.33;
T_2.27 ;
    %load/vec4 v0x56301bb26e40_0;
    %load/vec4 v0x56301bb26f20_0;
    %cmp/u;
    %flag_or 5, 4;
    %flag_mov 8, 5;
    %jmp/0 T_2.40, 8;
    %load/vec4 v0x56301bb26a90_0;
    %jmp/1 T_2.41, 8;
T_2.40 ; End of true expr.
    %load/vec4 v0x56301bb26b70_0;
    %jmp/0 T_2.41, 8;
 ; End of false expr.
    %blend;
T_2.41;
    %store/vec4 v0x56301bb26c30_0, 0, 32;
    %jmp T_2.33;
T_2.28 ;
    %load/vec4 v0x56301bb26f20_0;
    %load/vec4 v0x56301bb26e40_0;
    %cmp/u;
    %flag_mov 8, 5;
    %jmp/0 T_2.42, 8;
    %load/vec4 v0x56301bb26a90_0;
    %jmp/1 T_2.43, 8;
T_2.42 ; End of true expr.
    %load/vec4 v0x56301bb26b70_0;
    %jmp/0 T_2.43, 8;
 ; End of false expr.
    %blend;
T_2.43;
    %store/vec4 v0x56301bb26c30_0, 0, 32;
    %jmp T_2.33;
T_2.29 ;
    %load/vec4 v0x56301bb26990_0;
    %store/vec4 v0x56301bb26c30_0, 0, 32;
    %jmp T_2.33;
T_2.30 ;
    %load/vec4 v0x56301bb26990_0;
    %store/vec4 v0x56301bb26c30_0, 0, 32;
    %jmp T_2.33;
T_2.31 ;
    %load/vec4 v0x56301bb26e40_0;
    %store/vec4 v0x56301bb26c30_0, 0, 32;
    %jmp T_2.33;
T_2.33 ;
    %pop/vec4 1;
    %end;
S_0x56301bb27000 .scope function, "opr_gen" "opr_gen" 3 38, 3 38 0, S_0x56301baf30a0;
 .timescale 0 0;
v0x56301bb271d0_0 .var "op", 5 0;
v0x56301bb272d0_0 .var "operation", 4 0;
v0x56301bb273b0_0 .var "opr_gen", 4 0;
TD_tcomputer.computer_body.execute_body.opr_gen ;
    %load/vec4 v0x56301bb271d0_0;
    %dup/vec4;
    %pushi/vec4 0, 0, 6;
    %cmp/u;
    %jmp/1 T_3.44, 6;
    %dup/vec4;
    %pushi/vec4 1, 0, 6;
    %cmp/u;
    %jmp/1 T_3.45, 6;
    %dup/vec4;
    %pushi/vec4 4, 0, 6;
    %cmp/u;
    %jmp/1 T_3.46, 6;
    %dup/vec4;
    %pushi/vec4 5, 0, 6;
    %cmp/u;
    %jmp/1 T_3.47, 6;
    %dup/vec4;
    %pushi/vec4 6, 0, 6;
    %cmp/u;
    %jmp/1 T_3.48, 6;
    %dup/vec4;
    %pushi/vec4 36, 0, 6;
    %cmp/u;
    %jmp/1 T_3.49, 6;
    %pushi/vec4 31, 0, 5;
    %store/vec4 v0x56301bb273b0_0, 0, 5;
    %jmp T_3.51;
T_3.44 ;
    %load/vec4 v0x56301bb272d0_0;
    %store/vec4 v0x56301bb273b0_0, 0, 5;
    %jmp T_3.51;
T_3.45 ;
    %pushi/vec4 0, 0, 5;
    %store/vec4 v0x56301bb273b0_0, 0, 5;
    %jmp T_3.51;
T_3.46 ;
    %pushi/vec4 8, 0, 5;
    %store/vec4 v0x56301bb273b0_0, 0, 5;
    %jmp T_3.51;
T_3.47 ;
    %pushi/vec4 9, 0, 5;
    %store/vec4 v0x56301bb273b0_0, 0, 5;
    %jmp T_3.51;
T_3.48 ;
    %pushi/vec4 10, 0, 5;
    %store/vec4 v0x56301bb273b0_0, 0, 5;
    %jmp T_3.51;
T_3.49 ;
    %pushi/vec4 2, 0, 5;
    %store/vec4 v0x56301bb273b0_0, 0, 5;
    %jmp T_3.51;
T_3.51 ;
    %pop/vec4 1;
    %end;
S_0x56301bb27470 .scope function, "wreg" "wreg" 3 107, 3 107 0, S_0x56301baf30a0;
 .timescale 0 0;
v0x56301bb276d0_0 .var "op", 5 0;
v0x56301bb277d0_0 .var "rd", 4 0;
v0x56301bb278b0_0 .var "rs", 4 0;
v0x56301bb279a0_0 .var "rt", 4 0;
v0x56301bb27a80_0 .var "wreg", 4 0;
TD_tcomputer.computer_body.execute_body.wreg ;
    %load/vec4 v0x56301bb276d0_0;
    %dup/vec4;
    %pushi/vec4 0, 0, 6;
    %cmp/u;
    %jmp/1 T_4.52, 6;
    %dup/vec4;
    %pushi/vec4 1, 0, 6;
    %cmp/u;
    %jmp/1 T_4.53, 6;
    %dup/vec4;
    %pushi/vec4 3, 0, 6;
    %cmp/u;
    %jmp/1 T_4.54, 6;
    %dup/vec4;
    %pushi/vec4 4, 0, 6;
    %cmp/u;
    %jmp/1 T_4.55, 6;
    %dup/vec4;
    %pushi/vec4 5, 0, 6;
    %cmp/u;
    %jmp/1 T_4.56, 6;
    %dup/vec4;
    %pushi/vec4 6, 0, 6;
    %cmp/u;
    %jmp/1 T_4.57, 6;
    %dup/vec4;
    %pushi/vec4 16, 0, 6;
    %cmp/u;
    %jmp/1 T_4.58, 6;
    %dup/vec4;
    %pushi/vec4 18, 0, 6;
    %cmp/u;
    %jmp/1 T_4.59, 6;
    %dup/vec4;
    %pushi/vec4 20, 0, 6;
    %cmp/u;
    %jmp/1 T_4.60, 6;
    %dup/vec4;
    %pushi/vec4 36, 0, 6;
    %cmp/u;
    %jmp/1 T_4.61, 6;
    %dup/vec4;
    %pushi/vec4 41, 0, 6;
    %cmp/u;
    %jmp/1 T_4.62, 6;
    %pushi/vec4 0, 0, 5;
    %store/vec4 v0x56301bb27a80_0, 0, 5;
    %jmp T_4.64;
T_4.52 ;
    %load/vec4 v0x56301bb277d0_0;
    %store/vec4 v0x56301bb27a80_0, 0, 5;
    %jmp T_4.64;
T_4.53 ;
    %load/vec4 v0x56301bb279a0_0;
    %store/vec4 v0x56301bb27a80_0, 0, 5;
    %jmp T_4.64;
T_4.54 ;
    %load/vec4 v0x56301bb279a0_0;
    %store/vec4 v0x56301bb27a80_0, 0, 5;
    %jmp T_4.64;
T_4.55 ;
    %load/vec4 v0x56301bb279a0_0;
    %store/vec4 v0x56301bb27a80_0, 0, 5;
    %jmp T_4.64;
T_4.56 ;
    %load/vec4 v0x56301bb279a0_0;
    %store/vec4 v0x56301bb27a80_0, 0, 5;
    %jmp T_4.64;
T_4.57 ;
    %load/vec4 v0x56301bb279a0_0;
    %store/vec4 v0x56301bb27a80_0, 0, 5;
    %jmp T_4.64;
T_4.58 ;
    %load/vec4 v0x56301bb279a0_0;
    %store/vec4 v0x56301bb27a80_0, 0, 5;
    %jmp T_4.64;
T_4.59 ;
    %load/vec4 v0x56301bb279a0_0;
    %store/vec4 v0x56301bb27a80_0, 0, 5;
    %jmp T_4.64;
T_4.60 ;
    %load/vec4 v0x56301bb279a0_0;
    %store/vec4 v0x56301bb27a80_0, 0, 5;
    %jmp T_4.64;
T_4.61 ;
    %load/vec4 v0x56301bb278b0_0;
    %store/vec4 v0x56301bb27a80_0, 0, 5;
    %jmp T_4.64;
T_4.62 ;
    %pushi/vec4 31, 0, 5;
    %store/vec4 v0x56301bb27a80_0, 0, 5;
    %jmp T_4.64;
T_4.64 ;
    %pop/vec4 1;
    %end;
S_0x56301bb27b60 .scope function, "wrengen" "wrengen" 3 120, 3 120 0, S_0x56301baf30a0;
 .timescale 0 0;
v0x56301bb27d30_0 .var "op", 5 0;
v0x56301bb27e30_0 .var "wrengen", 3 0;
TD_tcomputer.computer_body.execute_body.wrengen ;
    %load/vec4 v0x56301bb27d30_0;
    %dup/vec4;
    %pushi/vec4 24, 0, 6;
    %cmp/u;
    %jmp/1 T_5.65, 6;
    %dup/vec4;
    %pushi/vec4 26, 0, 6;
    %cmp/u;
    %jmp/1 T_5.66, 6;
    %dup/vec4;
    %pushi/vec4 28, 0, 6;
    %cmp/u;
    %jmp/1 T_5.67, 6;
    %pushi/vec4 15, 0, 4;
    %store/vec4 v0x56301bb27e30_0, 0, 4;
    %jmp T_5.69;
T_5.65 ;
    %pushi/vec4 0, 0, 4;
    %store/vec4 v0x56301bb27e30_0, 0, 4;
    %jmp T_5.69;
T_5.66 ;
    %pushi/vec4 12, 0, 4;
    %store/vec4 v0x56301bb27e30_0, 0, 4;
    %jmp T_5.69;
T_5.67 ;
    %pushi/vec4 14, 0, 4;
    %store/vec4 v0x56301bb27e30_0, 0, 4;
    %jmp T_5.69;
T_5.69 ;
    %pop/vec4 1;
    %end;
S_0x56301bb2a3a0 .scope module, "fetch_body" "fetch" 3 198, 3 2 0, S_0x56301baf45d0;
 .timescale 0 0;
    .port_info 0 /INPUT 8 "pc"
    .port_info 1 /OUTPUT 32 "ins"
L_0x56301bb2cff0 .functor BUFZ 32, L_0x56301bb2ce10, C4<00000000000000000000000000000000>, C4<00000000000000000000000000000000>, C4<00000000000000000000000000000000>;
v0x56301bb2a540_0 .net *"_s0", 31 0, L_0x56301bb2ce10;  1 drivers
v0x56301bb2a640_0 .net *"_s2", 9 0, L_0x56301bb2ceb0;  1 drivers
L_0x7fb5e8525018 .functor BUFT 1, C4<00>, C4<0>, C4<0>, C4<0>;
v0x56301bb2a720_0 .net *"_s5", 1 0, L_0x7fb5e8525018;  1 drivers
v0x56301bb2a7e0_0 .net "ins", 31 0, L_0x56301bb2cff0;  alias, 1 drivers
v0x56301bb2a8d0 .array "ins_mem", 255 0, 31 0;
v0x56301bb2a970_0 .net "pc", 7 0, L_0x56301bb2d0b0;  1 drivers
L_0x56301bb2ce10 .array/port v0x56301bb2a8d0, L_0x56301bb2ceb0;
L_0x56301bb2ceb0 .concat [ 8 2 0 0], L_0x56301bb2d0b0, L_0x7fb5e8525018;
S_0x56301bb2aab0 .scope module, "rf_body" "reg_file" 3 201, 3 168 0, S_0x56301baf45d0;
 .timescale 0 0;
    .port_info 0 /INPUT 1 "clk"
    .port_info 1 /INPUT 1 "rstd"
    .port_info 2 /INPUT 32 "wr"
    .port_info 3 /INPUT 5 "ra1"
    .port_info 4 /INPUT 5 "ra2"
    .port_info 5 /INPUT 5 "wa"
    .port_info 6 /INPUT 1 "wren"
    .port_info 7 /OUTPUT 32 "rr1"
    .port_info 8 /OUTPUT 32 "rr2"
L_0x56301bb40b60 .functor BUFZ 32, L_0x56301bb41180, C4<00000000000000000000000000000000>, C4<00000000000000000000000000000000>, C4<00000000000000000000000000000000>;
L_0x56301bb41590 .functor BUFZ 32, L_0x56301bb413b0, C4<00000000000000000000000000000000>, C4<00000000000000000000000000000000>, C4<00000000000000000000000000000000>;
v0x56301bb2add0_0 .net *"_s0", 31 0, L_0x56301bb41180;  1 drivers
v0x56301bb2aeb0_0 .net *"_s10", 6 0, L_0x56301bb41450;  1 drivers
L_0x7fb5e8525330 .functor BUFT 1, C4<00>, C4<0>, C4<0>, C4<0>;
v0x56301bb2af90_0 .net *"_s13", 1 0, L_0x7fb5e8525330;  1 drivers
v0x56301bb2b080_0 .net *"_s2", 6 0, L_0x56301bb41220;  1 drivers
L_0x7fb5e85252e8 .functor BUFT 1, C4<00>, C4<0>, C4<0>, C4<0>;
v0x56301bb2b160_0 .net *"_s5", 1 0, L_0x7fb5e85252e8;  1 drivers
v0x56301bb2b290_0 .net *"_s8", 31 0, L_0x56301bb413b0;  1 drivers
v0x56301bb2b370_0 .net "clk", 0 0, v0x56301bb2ccb0_0;  alias, 1 drivers
v0x56301bb2b410_0 .net "ra1", 4 0, L_0x56301bb41650;  1 drivers
v0x56301bb2b4f0_0 .net "ra2", 4 0, L_0x56301bb41740;  1 drivers
v0x56301bb2b660 .array "rf", 31 0, 31 0;
v0x56301bb2b720_0 .net "rr1", 31 0, L_0x56301bb40b60;  alias, 1 drivers
v0x56301bb2b7e0_0 .net "rr2", 31 0, L_0x56301bb41590;  alias, 1 drivers
v0x56301bb2b8b0_0 .net "rstd", 0 0, v0x56301bb2cd50_0;  alias, 1 drivers
v0x56301bb2b950_0 .net "wa", 4 0, L_0x56301bb304c0;  alias, 1 drivers
v0x56301bb2ba40_0 .net "wr", 31 0, L_0x56301bb30650;  alias, 1 drivers
v0x56301bb2bb10_0 .net "wren", 0 0, L_0x56301bb41830;  1 drivers
E_0x56301bad3e20/0 .event negedge, v0x56301bb2b8b0_0;
E_0x56301bad3e20/1 .event posedge, v0x56301bb24310_0;
E_0x56301bad3e20 .event/or E_0x56301bad3e20/0, E_0x56301bad3e20/1;
L_0x56301bb41180 .array/port v0x56301bb2b660, L_0x56301bb41220;
L_0x56301bb41220 .concat [ 5 2 0 0], L_0x56301bb41650, L_0x7fb5e85252e8;
L_0x56301bb413b0 .array/port v0x56301bb2b660, L_0x56301bb41450;
L_0x56301bb41450 .concat [ 5 2 0 0], L_0x56301bb41740, L_0x7fb5e8525330;
S_0x56301bb2bcd0 .scope module, "writeback_body" "writeback" 3 200, 3 155 0, S_0x56301baf45d0;
 .timescale 0 0;
    .port_info 0 /INPUT 1 "clk"
    .port_info 1 /INPUT 1 "rstd"
    .port_info 2 /INPUT 32 "nextpc"
    .port_info 3 /OUTPUT 32 "pc"
v0x56301bb2bef0_0 .net "clk", 0 0, v0x56301bb2ccb0_0;  alias, 1 drivers
v0x56301bb2bfb0_0 .net "nextpc", 31 0, L_0x56301bb40f30;  alias, 1 drivers
v0x56301bb2c0a0_0 .var "pc", 31 0;
v0x56301bb2c1a0_0 .net "rstd", 0 0, v0x56301bb2cd50_0;  alias, 1 drivers
    .scope S_0x56301bb2a3a0;
T_6 ;
    %vpi_call 3 6 "$readmemb", "sample.bnr", v0x56301bb2a8d0 {0 0 0};
    %end;
    .thread T_6;
    .scope S_0x56301bb23da0;
T_7 ;
    %wait E_0x56301bad2fa0;
    %load/vec4 v0x56301bb245c0_0;
    %pad/u 32;
    %cmpi/e 0, 0, 32;
    %jmp/0xz  T_7.0, 4;
    %load/vec4 v0x56301bb24680_0;
    %load/vec4 v0x56301bb24230_0;
    %pad/u 10;
    %ix/vec4 3;
    %ix/load 4, 0, 0; Constant delay
    %assign/vec4/a/d v0x56301bb24420, 0, 4;
T_7.0 ;
    %jmp T_7;
    .thread T_7;
    .scope S_0x56301bb24800;
T_8 ;
    %wait E_0x56301bad2fa0;
    %load/vec4 v0x56301bb24f70_0;
    %pad/u 32;
    %cmpi/e 0, 0, 32;
    %jmp/0xz  T_8.0, 4;
    %load/vec4 v0x56301bb25030_0;
    %load/vec4 v0x56301bb24c20_0;
    %pad/u 10;
    %ix/vec4 3;
    %ix/load 4, 0, 0; Constant delay
    %assign/vec4/a/d v0x56301bb24df0, 0, 4;
T_8.0 ;
    %jmp T_8;
    .thread T_8;
    .scope S_0x56301bb251b0;
T_9 ;
    %wait E_0x56301bad2fa0;
    %load/vec4 v0x56301bb25a60_0;
    %pad/u 32;
    %cmpi/e 0, 0, 32;
    %jmp/0xz  T_9.0, 4;
    %load/vec4 v0x56301bb25b20_0;
    %load/vec4 v0x56301bb256a0_0;
    %pad/u 10;
    %ix/vec4 3;
    %ix/load 4, 0, 0; Constant delay
    %assign/vec4/a/d v0x56301bb258c0, 0, 4;
T_9.0 ;
    %jmp T_9;
    .thread T_9;
    .scope S_0x56301bb25d30;
T_10 ;
    %wait E_0x56301bad2fa0;
    %load/vec4 v0x56301bb26540_0;
    %pad/u 32;
    %cmpi/e 0, 0, 32;
    %jmp/0xz  T_10.0, 4;
    %load/vec4 v0x56301bb26600_0;
    %load/vec4 v0x56301bb261d0_0;
    %pad/u 10;
    %ix/vec4 3;
    %ix/load 4, 0, 0; Constant delay
    %assign/vec4/a/d v0x56301bb263a0, 0, 4;
T_10.0 ;
    %jmp T_10;
    .thread T_10;
    .scope S_0x56301baf30a0;
T_11 ;
    %vpi_call 3 139 "$monitor", "op=%d, operation=%d, dpl_imm=%b, alu_result=%d, result=%d, branch=%d, nonbranch=%d, pc=%d, nextpc=%d\012", v0x56301bb297d0_0, v0x56301bb29990_0, v0x56301bb29370_0, v0x56301bb29030_0, v0x56301bb29f20_0, v0x56301bb29110_0, v0x56301bb296f0_0, v0x56301bb29a70_0, v0x56301bb29610_0 {0 0 0};
    %end;
    .thread T_11;
    .scope S_0x56301bb2bcd0;
T_12 ;
    %wait E_0x56301bad3e20;
    %load/vec4 v0x56301bb2c1a0_0;
    %pad/u 32;
    %cmpi/e 0, 0, 32;
    %jmp/0xz  T_12.0, 4;
    %pushi/vec4 0, 0, 32;
    %assign/vec4 v0x56301bb2c0a0_0, 0;
    %jmp T_12.1;
T_12.0 ;
    %load/vec4 v0x56301bb2bef0_0;
    %pad/u 32;
    %cmpi/e 1, 0, 32;
    %jmp/0xz  T_12.2, 4;
    %load/vec4 v0x56301bb2bfb0_0;
    %assign/vec4 v0x56301bb2c0a0_0, 0;
T_12.2 ;
T_12.1 ;
    %jmp T_12;
    .thread T_12;
    .scope S_0x56301bb2aab0;
T_13 ;
    %vpi_call 3 179 "$monitor", "rf=[%d, %d, %d, %d, %d, %d]\012", &A<v0x56301bb2b660, 0>, &A<v0x56301bb2b660, 1>, &A<v0x56301bb2b660, 2>, &A<v0x56301bb2b660, 3>, &A<v0x56301bb2b660, 4>, &A<v0x56301bb2b660, 5> {0 0 0};
    %end;
    .thread T_13;
    .scope S_0x56301bb2aab0;
T_14 ;
    %wait E_0x56301bad3e20;
    %load/vec4 v0x56301bb2b8b0_0;
    %pad/u 32;
    %cmpi/e 0, 0, 32;
    %jmp/0xz  T_14.0, 4;
    %pushi/vec4 0, 0, 32;
    %ix/load 3, 0, 0;
    %flag_set/imm 4, 0;
    %ix/load 4, 0, 0; Constant delay
    %assign/vec4/a/d v0x56301bb2b660, 0, 4;
    %jmp T_14.1;
T_14.0 ;
    %load/vec4 v0x56301bb2bb10_0;
    %pad/u 32;
    %cmpi/e 0, 0, 32;
    %jmp/0xz  T_14.2, 4;
    %load/vec4 v0x56301bb2ba40_0;
    %load/vec4 v0x56301bb2b950_0;
    %pad/u 7;
    %ix/vec4 3;
    %ix/load 4, 0, 0; Constant delay
    %assign/vec4/a/d v0x56301bb2b660, 0, 4;
T_14.2 ;
T_14.1 ;
    %jmp T_14;
    .thread T_14;
    .scope S_0x56301bafe650;
T_15 ;
    %pushi/vec4 1, 0, 1;
    %store/vec4 v0x56301bb2cd50_0, 0, 1;
    %delay 10, 0;
    %pushi/vec4 0, 0, 1;
    %store/vec4 v0x56301bb2cd50_0, 0, 1;
    %delay 10, 0;
    %pushi/vec4 1, 0, 1;
    %store/vec4 v0x56301bb2cd50_0, 0, 1;
    %end;
    .thread T_15;
    .scope S_0x56301bafe650;
T_16 ;
    %vpi_call 2 11 "$dumpfile", "computer.vcd" {0 0 0};
    %vpi_call 2 12 "$dumpvars" {0 0 0};
    %pushi/vec4 0, 0, 1;
    %store/vec4 v0x56301bb2ccb0_0, 0, 1;
    %delay 10000, 0;
    %vpi_call 2 14 "$finish" {0 0 0};
    %end;
    .thread T_16;
    .scope S_0x56301bafe650;
T_17 ;
    %delay 50, 0;
    %load/vec4 v0x56301bb2ccb0_0;
    %inv;
    %store/vec4 v0x56301bb2ccb0_0, 0, 1;
    %jmp T_17;
    .thread T_17;
# The file index is used to find the file name in the following table.
:file_names 4;
    "N/A";
    "<interactive>";
    "tcomputer.v";
    "computer.v";
