#! /usr/bin/vvp
:ivl_version "10.1 (stable)";
:ivl_delay_selection "TYPICAL";
:vpi_time_precision + 0;
:vpi_module "system";
:vpi_module "vhdl_sys";
:vpi_module "v2005_math";
:vpi_module "va_math";
S_0x55cd9fb18550 .scope module, "top" "top" 2 1;
 .timescale 0 0;
v0x55cd9fb38cd0_0 .var "Din", 7 0;
v0x55cd9fb38db0_0 .net "Dout", 7 0, L_0x55cd9fb0f410;  1 drivers
v0x55cd9fb38e50 .array "FMEM", 15 0, 7 0;
v0x55cd9fb38ef0_0 .net "Fempty", 0 0, v0x55cd9fb380e0_0;  1 drivers
v0x55cd9fb38f90_0 .var "Fempty0", 0 0;
v0x55cd9fb39030_0 .net "Ffull", 0 0, v0x55cd9fb381a0_0;  1 drivers
v0x55cd9fb390d0_0 .var "Ffull0", 0 0;
v0x55cd9fb39170_0 .net "NRptr", 3 0, L_0x55cd9fb39ca0;  1 drivers
v0x55cd9fb39230_0 .net "NWptr", 3 0, L_0x55cd9fb39ba0;  1 drivers
v0x55cd9fb393a0_0 .var "Ren", 0 0;
v0x55cd9fb39440_0 .var "Rptr", 3 0;
v0x55cd9fb39500_0 .var "Wen", 0 0;
v0x55cd9fb395d0_0 .var "Wptr", 3 0;
L_0x7fa387bd6018 .functor BUFT 1, C4<0001>, C4<0>, C4<0>, C4<0>;
v0x55cd9fb39690_0 .net/2u *"_s0", 3 0, L_0x7fa387bd6018;  1 drivers
L_0x7fa387bd6060 .functor BUFT 1, C4<0001>, C4<0>, C4<0>, C4<0>;
v0x55cd9fb39770_0 .net/2u *"_s4", 3 0, L_0x7fa387bd6060;  1 drivers
v0x55cd9fb39850_0 .var "ck", 0 0;
v0x55cd9fb39920_0 .var "flag", 0 0;
v0x55cd9fb399c0_0 .var "obuf", 7 0;
v0x55cd9fb39aa0_0 .var "rst", 0 0;
E_0x55cd9fafd920 .event negedge, v0x55cd9fb38970_0;
L_0x55cd9fb39ba0 .arith/sum 4, v0x55cd9fb395d0_0, L_0x7fa387bd6018;
L_0x55cd9fb39ca0 .arith/sum 4, v0x55cd9fb39440_0, L_0x7fa387bd6060;
S_0x55cd9fb186d0 .scope module, "fifo" "fifo" 2 19, 3 1 0, S_0x55cd9fb18550;
 .timescale 0 0;
    .port_info 0 /INPUT 8 "Din"
    .port_info 1 /OUTPUT 8 "Dout"
    .port_info 2 /INPUT 1 "Wen"
    .port_info 3 /INPUT 1 "Ren"
    .port_info 4 /INPUT 1 "rst"
    .port_info 5 /INPUT 1 "ck"
    .port_info 6 /OUTPUT 1 "Fempty"
    .port_info 7 /OUTPUT 1 "Ffull"
L_0x55cd9fb0f410 .functor BUFZ 8, v0x55cd9fb38a30_0, C4<00000000>, C4<00000000>, C4<00000000>;
v0x55cd9fb15d30_0 .net "Din", 7 0, v0x55cd9fb38cd0_0;  1 drivers
v0x55cd9fb17c80_0 .net "Dout", 7 0, L_0x55cd9fb0f410;  alias, 1 drivers
v0x55cd9fb38040 .array "FMEM", 15 0, 7 0;
v0x55cd9fb380e0_0 .var "Fempty", 0 0;
v0x55cd9fb381a0_0 .var "Ffull", 0 0;
v0x55cd9fb382b0_0 .net "NRptr", 3 0, L_0x55cd9fb3a030;  1 drivers
v0x55cd9fb38390_0 .net "NWptr", 3 0, L_0x55cd9fb39e70;  1 drivers
v0x55cd9fb38470_0 .net "Ren", 0 0, v0x55cd9fb393a0_0;  1 drivers
v0x55cd9fb38530_0 .var "Rptr", 3 0;
v0x55cd9fb38610_0 .net "Wen", 0 0, v0x55cd9fb39500_0;  1 drivers
v0x55cd9fb386d0_0 .var "Wptr", 3 0;
L_0x7fa387bd60a8 .functor BUFT 1, C4<0001>, C4<0>, C4<0>, C4<0>;
v0x55cd9fb387b0_0 .net/2u *"_s2", 3 0, L_0x7fa387bd60a8;  1 drivers
L_0x7fa387bd60f0 .functor BUFT 1, C4<0001>, C4<0>, C4<0>, C4<0>;
v0x55cd9fb38890_0 .net/2u *"_s6", 3 0, L_0x7fa387bd60f0;  1 drivers
v0x55cd9fb38970_0 .net "ck", 0 0, v0x55cd9fb39850_0;  1 drivers
v0x55cd9fb38a30_0 .var "obuf", 7 0;
v0x55cd9fb38b10_0 .net "rst", 0 0, v0x55cd9fb39aa0_0;  1 drivers
E_0x55cd9fafd0a0 .event posedge, v0x55cd9fb38970_0;
L_0x55cd9fb39e70 .arith/sum 4, v0x55cd9fb386d0_0, L_0x7fa387bd60a8;
L_0x55cd9fb3a030 .arith/sum 4, v0x55cd9fb38530_0, L_0x7fa387bd60f0;
    .scope S_0x55cd9fb186d0;
T_0 ;
    %wait E_0x55cd9fafd0a0;
    %load/vec4 v0x55cd9fb38b10_0;
    %nor/r;
    %flag_set/vec4 8;
    %jmp/0xz  T_0.0, 8;
    %pushi/vec4 0, 0, 4;
    %assign/vec4 v0x55cd9fb386d0_0, 0;
    %pushi/vec4 0, 0, 4;
    %assign/vec4 v0x55cd9fb38530_0, 0;
    %pushi/vec4 1, 0, 1;
    %assign/vec4 v0x55cd9fb380e0_0, 0;
    %pushi/vec4 0, 0, 1;
    %assign/vec4 v0x55cd9fb381a0_0, 0;
    %jmp T_0.1;
T_0.0 ;
    %load/vec4 v0x55cd9fb38470_0;
    %pad/u 32;
    %pushi/vec4 1, 0, 32;
    %cmp/e;
    %flag_get/vec4 4;
    %load/vec4 v0x55cd9fb380e0_0;
    %pad/u 32;
    %pushi/vec4 1, 0, 32;
    %cmp/e;
    %flag_get/vec4 4;
    %inv;
    %and;
    %flag_set/vec4 8;
    %jmp/0xz  T_0.2, 8;
    %load/vec4 v0x55cd9fb38530_0;
    %pad/u 6;
    %ix/vec4 4;
    %load/vec4a v0x55cd9fb38040, 4;
    %assign/vec4 v0x55cd9fb38a30_0, 0;
    %load/vec4 v0x55cd9fb382b0_0;
    %assign/vec4 v0x55cd9fb38530_0, 0;
    %pushi/vec4 0, 0, 1;
    %assign/vec4 v0x55cd9fb381a0_0, 0;
    %load/vec4 v0x55cd9fb382b0_0;
    %load/vec4 v0x55cd9fb386d0_0;
    %cmp/e;
    %jmp/0xz  T_0.4, 4;
    %pushi/vec4 1, 0, 1;
    %assign/vec4 v0x55cd9fb380e0_0, 0;
    %jmp T_0.5;
T_0.4 ;
    %pushi/vec4 0, 0, 1;
    %assign/vec4 v0x55cd9fb380e0_0, 0;
T_0.5 ;
T_0.2 ;
    %load/vec4 v0x55cd9fb38610_0;
    %pad/u 32;
    %pushi/vec4 1, 0, 32;
    %cmp/e;
    %flag_get/vec4 4;
    %load/vec4 v0x55cd9fb381a0_0;
    %pad/u 32;
    %pushi/vec4 1, 0, 32;
    %cmp/e;
    %flag_get/vec4 4;
    %inv;
    %and;
    %flag_set/vec4 8;
    %jmp/0xz  T_0.6, 8;
    %load/vec4 v0x55cd9fb15d30_0;
    %load/vec4 v0x55cd9fb386d0_0;
    %pad/u 6;
    %ix/vec4 3;
    %ix/load 4, 0, 0; Constant delay
    %assign/vec4/a/d v0x55cd9fb38040, 0, 4;
    %load/vec4 v0x55cd9fb386d0_0;
    %addi 1, 0, 4;
    %assign/vec4 v0x55cd9fb386d0_0, 0;
    %pushi/vec4 0, 0, 1;
    %assign/vec4 v0x55cd9fb380e0_0, 0;
    %load/vec4 v0x55cd9fb38390_0;
    %load/vec4 v0x55cd9fb38530_0;
    %cmp/e;
    %jmp/0xz  T_0.8, 4;
    %pushi/vec4 1, 0, 1;
    %assign/vec4 v0x55cd9fb381a0_0, 0;
    %jmp T_0.9;
T_0.8 ;
    %pushi/vec4 0, 0, 1;
    %assign/vec4 v0x55cd9fb381a0_0, 0;
T_0.9 ;
T_0.6 ;
T_0.1 ;
    %jmp T_0;
    .thread T_0;
    .scope S_0x55cd9fb18550;
T_1 ;
    %pushi/vec4 0, 0, 1;
    %store/vec4 v0x55cd9fb39850_0, 0, 1;
    %pushi/vec4 1, 0, 1;
    %store/vec4 v0x55cd9fb39aa0_0, 0, 1;
    %vpi_call 2 24 "$dumpfile", "fifo.vcd" {0 0 0};
    %vpi_call 2 25 "$dumpvars" {0 0 0};
    %delay 20, 0;
    %pushi/vec4 0, 0, 1;
    %store/vec4 v0x55cd9fb39aa0_0, 0, 1;
    %delay 50, 0;
    %pushi/vec4 1, 0, 1;
    %store/vec4 v0x55cd9fb39aa0_0, 0, 1;
    %delay 10000, 0;
    %vpi_call 2 29 "$display", "OK\012" {0 0 0};
    %vpi_call 2 30 "$finish" {0 0 0};
    %end;
    .thread T_1;
    .scope S_0x55cd9fb18550;
T_2 ;
    %wait E_0x55cd9fafd920;
    %vpi_func 2 34 "$random" 32 {0 0 0};
    %pad/s 1;
    %store/vec4 v0x55cd9fb39920_0, 0, 1;
    %load/vec4 v0x55cd9fb39920_0;
    %pad/u 32;
    %cmpi/e 1, 0, 32;
    %jmp/0xz  T_2.0, 4;
    %pushi/vec4 1, 0, 1;
    %assign/vec4 v0x55cd9fb39500_0, 0;
    %pushi/vec4 0, 0, 1;
    %assign/vec4 v0x55cd9fb393a0_0, 0;
    %vpi_func 2 38 "$random" 32 {0 0 0};
    %pad/s 8;
    %store/vec4 v0x55cd9fb38cd0_0, 0, 8;
    %jmp T_2.1;
T_2.0 ;
    %pushi/vec4 0, 0, 1;
    %assign/vec4 v0x55cd9fb39500_0, 0;
    %pushi/vec4 1, 0, 1;
    %assign/vec4 v0x55cd9fb393a0_0, 0;
T_2.1 ;
    %jmp T_2;
    .thread T_2;
    .scope S_0x55cd9fb18550;
T_3 ;
    %delay 10, 0;
    %load/vec4 v0x55cd9fb39850_0;
    %inv;
    %assign/vec4 v0x55cd9fb39850_0, 0;
    %jmp T_3;
    .thread T_3;
    .scope S_0x55cd9fb18550;
T_4 ;
    %wait E_0x55cd9fafd0a0;
    %load/vec4 v0x55cd9fb38f90_0;
    %load/vec4 v0x55cd9fb38ef0_0;
    %cmp/ne;
    %flag_mov 8, 4;
    %load/vec4 v0x55cd9fb390d0_0;
    %load/vec4 v0x55cd9fb39030_0;
    %cmp/ne;
    %flag_or 4, 8;
    %flag_mov 8, 4;
    %load/vec4 v0x55cd9fb399c0_0;
    %load/vec4 v0x55cd9fb38db0_0;
    %cmp/ne;
    %flag_or 4, 8;
    %jmp/0xz  T_4.0, 4;
    %vpi_call 2 51 "$finish" {0 0 0};
T_4.0 ;
    %jmp T_4;
    .thread T_4;
    .scope S_0x55cd9fb18550;
T_5 ;
    %wait E_0x55cd9fafd0a0;
    %load/vec4 v0x55cd9fb39aa0_0;
    %nor/r;
    %flag_set/vec4 8;
    %jmp/0xz  T_5.0, 8;
    %pushi/vec4 0, 0, 4;
    %assign/vec4 v0x55cd9fb395d0_0, 0;
    %pushi/vec4 0, 0, 4;
    %assign/vec4 v0x55cd9fb39440_0, 0;
    %pushi/vec4 1, 0, 1;
    %assign/vec4 v0x55cd9fb38f90_0, 0;
    %pushi/vec4 0, 0, 1;
    %assign/vec4 v0x55cd9fb390d0_0, 0;
    %jmp T_5.1;
T_5.0 ;
    %load/vec4 v0x55cd9fb393a0_0;
    %pad/u 32;
    %pushi/vec4 1, 0, 32;
    %cmp/e;
    %flag_get/vec4 4;
    %load/vec4 v0x55cd9fb38f90_0;
    %pad/u 32;
    %pushi/vec4 1, 0, 32;
    %cmp/e;
    %flag_get/vec4 4;
    %inv;
    %and;
    %flag_set/vec4 8;
    %jmp/0xz  T_5.2, 8;
    %load/vec4 v0x55cd9fb39440_0;
    %pad/u 6;
    %ix/vec4 4;
    %load/vec4a v0x55cd9fb38e50, 4;
    %assign/vec4 v0x55cd9fb399c0_0, 0;
    %load/vec4 v0x55cd9fb39170_0;
    %assign/vec4 v0x55cd9fb39440_0, 0;
    %pushi/vec4 0, 0, 1;
    %assign/vec4 v0x55cd9fb390d0_0, 0;
    %load/vec4 v0x55cd9fb39170_0;
    %load/vec4 v0x55cd9fb395d0_0;
    %cmp/e;
    %jmp/0xz  T_5.4, 4;
    %pushi/vec4 1, 0, 1;
    %assign/vec4 v0x55cd9fb38f90_0, 0;
    %jmp T_5.5;
T_5.4 ;
    %pushi/vec4 0, 0, 1;
    %assign/vec4 v0x55cd9fb38f90_0, 0;
T_5.5 ;
T_5.2 ;
    %load/vec4 v0x55cd9fb39500_0;
    %pad/u 32;
    %pushi/vec4 1, 0, 32;
    %cmp/e;
    %flag_get/vec4 4;
    %load/vec4 v0x55cd9fb390d0_0;
    %pad/u 32;
    %pushi/vec4 1, 0, 32;
    %cmp/e;
    %flag_get/vec4 4;
    %inv;
    %and;
    %flag_set/vec4 8;
    %jmp/0xz  T_5.6, 8;
    %load/vec4 v0x55cd9fb38cd0_0;
    %load/vec4 v0x55cd9fb395d0_0;
    %pad/u 6;
    %ix/vec4 3;
    %ix/load 4, 0, 0; Constant delay
    %assign/vec4/a/d v0x55cd9fb38e50, 0, 4;
    %load/vec4 v0x55cd9fb395d0_0;
    %addi 1, 0, 4;
    %assign/vec4 v0x55cd9fb395d0_0, 0;
    %pushi/vec4 0, 0, 1;
    %assign/vec4 v0x55cd9fb38f90_0, 0;
    %load/vec4 v0x55cd9fb39230_0;
    %load/vec4 v0x55cd9fb39440_0;
    %cmp/e;
    %jmp/0xz  T_5.8, 4;
    %pushi/vec4 1, 0, 1;
    %assign/vec4 v0x55cd9fb390d0_0, 0;
    %jmp T_5.9;
T_5.8 ;
    %pushi/vec4 0, 0, 1;
    %assign/vec4 v0x55cd9fb390d0_0, 0;
T_5.9 ;
T_5.6 ;
T_5.1 ;
    %jmp T_5;
    .thread T_5;
# The file index is used to find the file name in the following table.
:file_names 4;
    "N/A";
    "<interactive>";
    "simfifo2.v";
    "fifo.v";
